2023-08-01 20:42:16 - Neovide panicked with the message 'Focus Lost Failed: NeovimError(Some(0), "BufUnload Autocommands for \"<buffer=1>\": Vim(autocmd):E1155: Cannot define autocommands for ALL events")'. (File: src/bridge/ui_commands.rs; Line: 143, Column: 18)
   0: <unknown>
   1: <unknown>
   2: <unknown>
   3: <unknown>
   4: <unknown>
   5: <unknown>
   6: <unknown>
   7: <unknown>
   8: <unknown>
   9: <unknown>
  10: <unknown>
  11: <unknown>
  12: <unknown>
  13: <unknown>
  14: <unknown>
  15: <unknown>

2023-08-21 19:17:00 - Neovide panicked with the message 'Failed to initialize any backend! Wayland status: NoCompositor X11 status: XOpenDisplayFailed'. (File: /home/john/.cargo/git/checkouts/winit-c2fdb27092aba5a7/f7a400d/src/platform_impl/linux/mod.rs; Line: 795, Column: 9)
   0: <unknown>
   1: <unknown>
   2: <unknown>
   3: <unknown>
   4: <unknown>
   5: <unknown>
   6: <unknown>
   7: <unknown>
   8: <unknown>
   9: <unknown>
  10: <unknown>
  11: __libc_start_main
  12: <unknown>

2023-08-24 19:37:56 - Neovide panicked with the message 'Failed to initialize any backend! Wayland status: NoCompositor X11 status: XOpenDisplayFailed'. (File: /home/john/.cargo/git/checkouts/winit-c2fdb27092aba5a7/f7a400d/src/platform_impl/linux/mod.rs; Line: 795, Column: 9)
   0: <unknown>
   1: <unknown>
   2: <unknown>
   3: <unknown>
   4: <unknown>
   5: <unknown>
   6: <unknown>
   7: <unknown>
   8: <unknown>
   9: <unknown>
  10: <unknown>
  11: __libc_start_main
  12: <unknown>

